[2024-09-26T17:45:08.260] [INFO] default - without flat rate {
  status: 1,
  data: {
    courierName: 'Couriers Please',
    eta: '3 Business Days',
    id: 'DOYNZNZDYQ',
    quote_id: 7459124,
    insuranceCategory: 'NA',
    logo: 'https://portal.fastcourier.com.au/images/logos/couriers-please.png',
    name: '5Kg Parcel',
    pickupCutOffTime: '15:59',
    priceExcludingGst: 13.879999999999999,
    priceIncludingGst: 15.27,
    subLabel: null,
    insurance_link: 'http://localhost/documents/QM3248-1118-CourierSure-Goods-in-Transit-Marine-Policy-web.pdf',
    rating: 5,
    selectedDays: [],
    orderHashId: 'ZOYQDWJYRO'
  }
}
[2024-09-26T17:45:08.265] [INFO] default - response {
  rates: [
    {
      service_name: 'Fast Courier [Couriers Please]',
      service_code: '(DOYNZNZDYQ-ZOYQDWJYRO)~[PAID]~[15.27]',
      total_price: '1527',
      description: 'Includes tracking and insurance',
      currency: 'AUD'
    }
  ]
}
